License Header copied to Monitor.X/monitor.c
License Header copied to Monitor.X/display.c
License Header copied to Monitor.X/controller.c
Monitor.X/.DS_Store does not belong to licensable files
License Header copied to Monitor.X/alarm.h
License Header copied to Monitor.X/mcc_generated_files/mcc.h
License Header copied to Monitor.X/mcc_generated_files/fvr.h
License Header copied to Monitor.X/mcc_generated_files/tmr0.h
License Header copied to Monitor.X/mcc_generated_files/memory.c
License Header copied to Monitor.X/mcc_generated_files/tmr6.c
License Header copied to Monitor.X/mcc_generated_files/pwm6.h
License Header copied to Monitor.X/mcc_generated_files/tmr2.c
License Header copied to Monitor.X/mcc_generated_files/pin_manager.h
License Header copied to Monitor.X/mcc_generated_files/adcc.h
License Header copied to Monitor.X/mcc_generated_files/tmr4.h
License Header copied to Monitor.X/mcc_generated_files/tmr5.c
License Header copied to Monitor.X/mcc_generated_files/device_config.h
License Header copied to Monitor.X/mcc_generated_files/i2c2_slave.h
License Header copied to Monitor.X/mcc_generated_files/cmp1.c
License Header copied to Monitor.X/mcc_generated_files/i2c1_master.h
License Header copied to Monitor.X/mcc_generated_files/interrupt_manager.h
License Header copied to Monitor.X/mcc_generated_files/uart1.c
License Header copied to Monitor.X/mcc_generated_files/tmr1.c
License Header copied to Monitor.X/mcc_generated_files/mcc.c
License Header copied to Monitor.X/mcc_generated_files/fvr.c
License Header copied to Monitor.X/mcc_generated_files/examples/i2c1_master_example.h
License Header copied to Monitor.X/mcc_generated_files/examples/i2c1_master_example.c
License Header copied to Monitor.X/mcc_generated_files/tmr4.c
License Header copied to Monitor.X/mcc_generated_files/adcc.c
No need to copy the License Header to Monitor.X/mcc_generated_files/pin_manager.c
License Header copied to Monitor.X/mcc_generated_files/tmr2.h
License Header copied to Monitor.X/mcc_generated_files/tmr6.h
License Header copied to Monitor.X/mcc_generated_files/pwm6.c
License Header copied to Monitor.X/mcc_generated_files/tmr0.c
License Header copied to Monitor.X/mcc_generated_files/memory.h
License Header copied to Monitor.X/mcc_generated_files/tmr1.h
License Header copied to Monitor.X/mcc_generated_files/i2c1_master.c
License Header copied to Monitor.X/mcc_generated_files/uart1.h
License Header copied to Monitor.X/mcc_generated_files/interrupt_manager.c
License Header copied to Monitor.X/mcc_generated_files/device_config.c
License Header copied to Monitor.X/mcc_generated_files/cmp1.h
License Header copied to Monitor.X/mcc_generated_files/i2c2_slave.c
License Header copied to Monitor.X/mcc_generated_files/tmr5.h
Monitor.X/dist/default/production/Monitor.X.production.sdb does not belong to licensable files
Monitor.X/dist/default/production/doprnt.d does not belong to licensable files
Monitor.X/dist/default/production/Monitor.X.production.hxl does not belong to licensable files
Monitor.X/dist/default/production/memoryfile.xml does not belong to licensable files
Monitor.X/dist/default/production/doprnt.p1 does not belong to licensable files
Monitor.X/dist/default/production/Monitor.X.production.cmf does not belong to licensable files
Monitor.X/dist/default/production/Monitor.X.production.map does not belong to licensable files
Monitor.X/dist/default/production/Monitor.X.production.mcu does not belong to licensable files
No need to copy the License Header to Monitor.X/dist/default/production/Monitor.X.production.lst
Monitor.X/dist/default/production/Monitor.X.production.hum does not belong to licensable files
Monitor.X/dist/default/production/Monitor.X.production.elf does not belong to licensable files
Monitor.X/dist/default/production/Monitor.X.production.pum does not belong to licensable files
Monitor.X/dist/default/production/Monitor.X.production.hex does not belong to licensable files
Monitor.X/dist/default/production/Monitor.X.production.o does not belong to licensable files
Monitor.X/dist/default/production/Monitor.X.production.mum does not belong to licensable files
Monitor.X/dist/default/production/doprnt.i does not belong to licensable files
No need to copy the License Header to Monitor.X/dist/default/production/Monitor.X.production.rlf
Monitor.X/dist/default/production/Monitor.X.production.sym does not belong to licensable files
License Header copied to Monitor.X/buttons.c
Monitor.X/Makefile does not belong to licensable files
License Header copied to Monitor.X/lcd.h
Monitor.X/MyConfig.mc3 does not belong to licensable files
License Header copied to Monitor.X/buzzer.c
License Header copied to Monitor.X/controller.h
License Header copied to Monitor.X/display.h
License Header copied to Monitor.X/monitor.h
License Header copied to Monitor.X/main.c
Monitor.X/nbproject/Makefile-variables.mk does not belong to licensable files
Monitor.X/nbproject/Makefile-impl.mk does not belong to licensable files
Monitor.X/nbproject/Makefile-default.mk does not belong to licensable files
Monitor.X/nbproject/Package-default.bash does not belong to licensable files
Monitor.X/nbproject/project.xml does not belong to licensable files
Monitor.X/nbproject/private/private.xml does not belong to licensable files
Monitor.X/nbproject/private/configurations.xml does not belong to licensable files
Monitor.X/nbproject/Makefile-local-default.mk does not belong to licensable files
Monitor.X/nbproject/configurations.xml does not belong to licensable files
Monitor.X/nbproject/Makefile-genesis.properties does not belong to licensable files
License Header copied to Monitor.X/alarm.c
License Header copied to Monitor.X/lcd.c
Monitor.X/build/default/production/main.i does not belong to licensable files
Monitor.X/build/default/production/buttons.p1 does not belong to licensable files
Monitor.X/build/default/production/alarm.i does not belong to licensable files
Monitor.X/build/default/production/mcc_generated_files/tmr0.p1 does not belong to licensable files
Monitor.X/build/default/production/mcc_generated_files/adcc.p1.d does not belong to licensable files
Monitor.X/build/default/production/mcc_generated_files/tmr5.p1.d does not belong to licensable files
Monitor.X/build/default/production/mcc_generated_files/mcc.p1.d does not belong to licensable files
Monitor.X/build/default/production/mcc_generated_files/fvr.i does not belong to licensable files
Monitor.X/build/default/production/mcc_generated_files/tmr4.p1 does not belong to licensable files
Monitor.X/build/default/production/mcc_generated_files/mcc.i does not belong to licensable files
Monitor.X/build/default/production/mcc_generated_files/adcc.i does not belong to licensable files
Monitor.X/build/default/production/mcc_generated_files/pin_manager.i does not belong to licensable files
Monitor.X/build/default/production/mcc_generated_files/i2c1_master.p1.d does not belong to licensable files
Monitor.X/build/default/production/mcc_generated_files/tmr4.i does not belong to licensable files
Monitor.X/build/default/production/mcc_generated_files/tmr5.p1 does not belong to licensable files
Monitor.X/build/default/production/mcc_generated_files/i2c2_slave.p1.d does not belong to licensable files
Monitor.X/build/default/production/mcc_generated_files/tmr4.p1.d does not belong to licensable files
Monitor.X/build/default/production/mcc_generated_files/interrupt_manager.p1.d does not belong to licensable files
Monitor.X/build/default/production/mcc_generated_files/pwm6.p1.d does not belong to licensable files
Monitor.X/build/default/production/mcc_generated_files/tmr0.i does not belong to licensable files
Monitor.X/build/default/production/mcc_generated_files/pwm6.i does not belong to licensable files
Monitor.X/build/default/production/mcc_generated_files/tmr1.p1 does not belong to licensable files
Monitor.X/build/default/production/mcc_generated_files/i2c2_slave.p1 does not belong to licensable files
Monitor.X/build/default/production/mcc_generated_files/device_config.p1.d does not belong to licensable files
Monitor.X/build/default/production/mcc_generated_files/tmr2.p1.d does not belong to licensable files
Monitor.X/build/default/production/mcc_generated_files/interrupt_manager.i does not belong to licensable files
Monitor.X/build/default/production/mcc_generated_files/adcc.p1 does not belong to licensable files
Monitor.X/build/default/production/mcc_generated_files/i2c1_master.i does not belong to licensable files
Monitor.X/build/default/production/mcc_generated_files/mcc.p1 does not belong to licensable files
Monitor.X/build/default/production/mcc_generated_files/uart1.p1 does not belong to licensable files
Monitor.X/build/default/production/mcc_generated_files/pin_manager.p1.d does not belong to licensable files
Monitor.X/build/default/production/mcc_generated_files/i2c2_slave.i does not belong to licensable files
Monitor.X/build/default/production/mcc_generated_files/device_config.i does not belong to licensable files
Monitor.X/build/default/production/mcc_generated_files/tmr1.p1.d does not belong to licensable files
Monitor.X/build/default/production/mcc_generated_files/i2c1_master.p1 does not belong to licensable files
Monitor.X/build/default/production/mcc_generated_files/fvr.p1 does not belong to licensable files
Monitor.X/build/default/production/mcc_generated_files/tmr6.i does not belong to licensable files
Monitor.X/build/default/production/mcc_generated_files/memory.i does not belong to licensable files
Monitor.X/build/default/production/mcc_generated_files/tmr0.p1.d does not belong to licensable files
Monitor.X/build/default/production/mcc_generated_files/fvr.p1.d does not belong to licensable files
Monitor.X/build/default/production/mcc_generated_files/memory.p1 does not belong to licensable files
Monitor.X/build/default/production/mcc_generated_files/tmr2.i does not belong to licensable files
Monitor.X/build/default/production/mcc_generated_files/tmr6.p1 does not belong to licensable files
Monitor.X/build/default/production/mcc_generated_files/device_config.p1 does not belong to licensable files
Monitor.X/build/default/production/mcc_generated_files/interrupt_manager.p1 does not belong to licensable files
Monitor.X/build/default/production/mcc_generated_files/pwm6.p1 does not belong to licensable files
Monitor.X/build/default/production/mcc_generated_files/uart1.p1.d does not belong to licensable files
Monitor.X/build/default/production/mcc_generated_files/cmp1.p1 does not belong to licensable files
Monitor.X/build/default/production/mcc_generated_files/tmr2.p1 does not belong to licensable files
Monitor.X/build/default/production/mcc_generated_files/cmp1.i does not belong to licensable files
Monitor.X/build/default/production/mcc_generated_files/memory.p1.d does not belong to licensable files
Monitor.X/build/default/production/mcc_generated_files/cmp1.p1.d does not belong to licensable files
Monitor.X/build/default/production/mcc_generated_files/tmr5.i does not belong to licensable files
Monitor.X/build/default/production/mcc_generated_files/tmr1.i does not belong to licensable files
Monitor.X/build/default/production/mcc_generated_files/pin_manager.p1 does not belong to licensable files
Monitor.X/build/default/production/mcc_generated_files/uart1.i does not belong to licensable files
Monitor.X/build/default/production/mcc_generated_files/tmr6.p1.d does not belong to licensable files
Monitor.X/build/default/production/lcd.i does not belong to licensable files
Monitor.X/build/default/production/buttons.p1.d does not belong to licensable files
Monitor.X/build/default/production/main.p1 does not belong to licensable files
Monitor.X/build/default/production/_ext/789891733/cmath.i does not belong to licensable files
Monitor.X/build/default/production/_ext/789891733/cmath.p1.d does not belong to licensable files
Monitor.X/build/default/production/_ext/789891733/cmath.p1 does not belong to licensable files
Monitor.X/build/default/production/controller.i does not belong to licensable files
Monitor.X/build/default/production/monitor.p1.d does not belong to licensable files
Monitor.X/build/default/production/monitor.i does not belong to licensable files
Monitor.X/build/default/production/display.i does not belong to licensable files
Monitor.X/build/default/production/monitor.p1 does not belong to licensable files
Monitor.X/build/default/production/lcd.p1 does not belong to licensable files
Monitor.X/build/default/production/alarm.p1.d does not belong to licensable files
Monitor.X/build/default/production/controller.p1 does not belong to licensable files
Monitor.X/build/default/production/buttons.i does not belong to licensable files
Monitor.X/build/default/production/display.p1.d does not belong to licensable files
Monitor.X/build/default/production/alarm.p1 does not belong to licensable files
Monitor.X/build/default/production/controller.p1.d does not belong to licensable files
Monitor.X/build/default/production/main.p1.d does not belong to licensable files
Monitor.X/build/default/production/buzzer.p1 does not belong to licensable files
Monitor.X/build/default/production/lcd.p1.d does not belong to licensable files
Monitor.X/build/default/production/buzzer.p1.d does not belong to licensable files
Monitor.X/build/default/production/display.p1 does not belong to licensable files
Monitor.X/build/default/production/buzzer.i does not belong to licensable files
License Header copied to Monitor.X/buttons.h
License Header copied to Monitor.X/buzzer.h
Monitor.X/MyConfig.mc3.bak does not belong to licensable files
